This is pdfTeX, Version 3.141592-1.40.4 (MiKTeX 2.6) (preloaded format=pdflatex 2009.2.3)  23 OCT 2016 20:07
entering extended mode
**talk
(talk.tex
LaTeX2e <2005/12/01>
Babel <v3.8h> and hyphenation patterns for english, dumylang, nohyphenation, ge
rman, ngerman, french, loaded.
(c:\texmf\tex\latex\base\article.cls
Document Class: article 2005/09/16 v1.4f Standard LaTeX document class
(c:\texmf\tex\latex\base\size10.clo
File: size10.clo 2005/09/16 v1.4f Standard LaTeX file (size option)
)
\c@part=\count79
\c@section=\count80
\c@subsection=\count81
\c@subsubsection=\count82
\c@paragraph=\count83
\c@subparagraph=\count84
\c@figure=\count85
\c@table=\count86
\abovecaptionskip=\skip41
\belowcaptionskip=\skip42
\bibindent=\dimen102
)
(D:\nick\tex-extras\tex\latex\packages\nvefoil.sty
Package: nvefoil 2013/01/16 Transparancy facility version 2.1/6 NvE 16-jan-2013


(c:\texmf\tex\latex\base\ifthen.sty
Package: ifthen 2001/05/26 v1.1c Standard LaTeX ifthen package (DPC)
)
(D:\nick\tex-extras\tex\latex\packages\nvecmd.sty
Package: nvecmd 2011/01/15 Private commands version 1.0/17 NvE 15-jan-2011

(c:\texmf\tex\latex\amsmath\amsmath.sty
Package: amsmath 2000/07/18 v2.13 AMS math features
\@mathmargin=\skip43

For additional information on amsmath, use the `?' option.
(c:\texmf\tex\latex\amsmath\amstext.sty
Package: amstext 2000/06/29 v2.01
 (c:\texmf\tex\latex\amsmath\amsgen.sty
File: amsgen.sty 1999/11/30 v2.0
\@emptytoks=\toks14
\ex@=\dimen103
)) (c:\texmf\tex\latex\amsmath\amsbsy.sty
Package: amsbsy 1999/11/29 v1.2d
\pmbraise@=\dimen104
)
(c:\texmf\tex\latex\amsmath\amsopn.sty
Package: amsopn 1999/12/14 v2.01 operator names
)
\inf@bad=\count87
LaTeX Info: Redefining \frac on input line 211.
\uproot@=\count88
\leftroot@=\count89
LaTeX Info: Redefining \overline on input line 307.
\classnum@=\count90
\DOTSCASE@=\count91
LaTeX Info: Redefining \ldots on input line 379.
LaTeX Info: Redefining \dots on input line 382.
LaTeX Info: Redefining \cdots on input line 467.
\Mathstrutbox@=\box26
\strutbox@=\box27
\big@size=\dimen105
LaTeX Font Info:    Redeclaring font encoding OML on input line 567.
LaTeX Font Info:    Redeclaring font encoding OMS on input line 568.
\macc@depth=\count92
\c@MaxMatrixCols=\count93
\dotsspace@=\muskip10
\c@parentequation=\count94
\dspbrk@lvl=\count95
\tag@help=\toks15
\row@=\count96
\column@=\count97
\maxfields@=\count98
\andhelp@=\toks16
\eqnshift@=\dimen106
\alignsep@=\dimen107
\tagshift@=\dimen108
\tagwidth@=\dimen109
\totwidth@=\dimen110
\lineht@=\dimen111
\@envbody=\toks17
\multlinegap=\skip44
\multlinetaggap=\skip45
\mathdisplay@stack=\toks18
LaTeX Info: Redefining \[ on input line 2666.
LaTeX Info: Redefining \] on input line 2667.
)
(c:\texmf\tex\latex\amsfonts\amssymb.sty
Package: amssymb 2002/01/22 v2.2d

(c:\texmf\tex\latex\amsfonts\amsfonts.sty
Package: amsfonts 2001/10/25 v2.2f
\symAMSa=\mathgroup4
\symAMSb=\mathgroup5
LaTeX Font Info:    Overwriting math alphabet `\mathfrak' in version `bold'
(Font)                  U/euf/m/n --> U/euf/b/n on input line 132.
))
(c:\texmf\tex\generic\dvips\colordvi.sty)
(c:\texmf\tex\latex\graphics\color.sty
Package: color 2005/11/14 v1.0j Standard LaTeX Color (DPC)
 (c:\texmf\tex\latex\00miktex\color.cfg
File: color.cfg 2007/01/18 v1.5 color configuration of teTeX/TeXLive
)
Package color Info: Driver file: pdftex.def on input line 130.

(c:\texmf\tex\latex\graphics\pdftex.def
File: pdftex.def 2007/06/12 v0.04h Graphics/color for pdfTeX
\Gread@gobject=\count99
)) (c:\texmf\tex\latex\psnfss\pifont.sty
Package: pifont 2005/04/12 PSNFSS-v9.2a Pi font support (SPQR) 
LaTeX Font Info:    Try loading font information for U+pzd on input line 63.
(c:\texmf\tex\latex\psnfss\upzd.fd
File: upzd.fd 2001/06/04 font definitions for U/pzd.
)
LaTeX Font Info:    Try loading font information for U+psy on input line 64.
 (c:\texmf\tex\latex\psnfss\upsy.fd
File: upsy.fd 2001/06/04 font definitions for U/psy.
))
(c:\texmf\tex\latex\base\latexsym.sty
Package: latexsym 1998/08/17 v2.2e Standard LaTeX package (lasy symbols)
\symlasy=\mathgroup6
LaTeX Font Info:    Overwriting symbol font `lasy' in version `bold'
(Font)                  U/lasy/m/n --> U/lasy/b/n on input line 47.
)
Package color Info: Redefining color yellow on input line 220.
Package color Info: Redefining color cyan on input line 221.
Package color Info: Redefining color magenta on input line 222.
\slashbox=\box28
LaTeX Font Info:    Try loading font information for U+msa on input line 243.
 (c:\texmf\tex\latex\amsfonts\umsa.fd
File: umsa.fd 2002/01/19 v2.2g AMS font definitions
)
LaTeX Font Info:    Try loading font information for U+msb on input line 243.

(c:\texmf\tex\latex\amsfonts\umsb.fd
File: umsb.fd 2002/01/19 v2.2g AMS font definitions
)
LaTeX Font Info:    Try loading font information for U+lasy on input line 243.
 (c:\texmf\tex\latex\base\ulasy.fd
File: ulasy.fd 1998/08/17 v2.2e LaTeX symbol font definitions
)
LaTeX Font Info:    Font shape `U/lasy/b/n' in size <7> not available
(Font)              Font shape `U/lasy/m/n' tried instead on input line 243.
LaTeX Font Info:    Font shape `U/lasy/b/n' in size <5> not available
(Font)              Font shape `U/lasy/m/n' tried instead on input line 243.
\Slashbox=\box29
LaTeX Font Info:    Font shape `U/lasy/b/n' in size <8> not available
(Font)              Font shape `U/lasy/m/n' tried instead on input line 244.
LaTeX Font Info:    Font shape `U/lasy/b/n' in size <6> not available
(Font)              Font shape `U/lasy/m/n' tried instead on input line 244.
)
(c:\texmf\tex\latex\fancyhdr\fancyhdr.sty
\fancy@headwidth=\skip46
\f@ncyO@elh=\skip47
\f@ncyO@erh=\skip48
\f@ncyO@olh=\skip49
\f@ncyO@orh=\skip50
\f@ncyO@elf=\skip51
\f@ncyO@erf=\skip52
\f@ncyO@olf=\skip53
\f@ncyO@orf=\skip54
)
(c:\texmf\tex\latex\graphics\epsfig.sty
Package: epsfig 1999/02/16 v1.7a (e)psfig emulation (SPQR)

(c:\texmf\tex\latex\graphics\graphicx.sty
Package: graphicx 1999/02/16 v1.0f Enhanced LaTeX Graphics (DPC,SPQR)

(c:\texmf\tex\latex\graphics\keyval.sty
Package: keyval 1999/03/16 v1.13 key=value parser (DPC)
\KV@toks@=\toks19
)
(c:\texmf\tex\latex\graphics\graphics.sty
Package: graphics 2006/02/20 v1.0o Standard LaTeX Graphics (DPC,SPQR)
 (c:\texmf\tex\latex\graphics\trig.sty
Package: trig 1999/03/16 v1.09 sin cos tan (DPC)
) (c:\texmf\tex\latex\00miktex\graphics.cfg
File: graphics.cfg 2007/01/18 v1.5 graphics configuration of teTeX/TeXLive
)
Package graphics Info: Driver file: pdftex.def on input line 90.
)
\Gin@req@height=\dimen112
\Gin@req@width=\dimen113
)
\epsfxsize=\dimen114
\epsfysize=\dimen115
)
(c:\texmf\tex\latex\rotating\rotating.sty
Package: rotating 1997/09/26 v2.13 Rotation package
\c@r@tfl@t=\count100
\rot@float@box=\box30
)
(D:\nick\tex-extras\tex\latex\packages\floatfig.sty
\figbox=\box31
\pagebox=\box32
\ffigcount=\count101
\fftest=\count102
\hangcount=\count103
\nosuccesstryfig=\count104
\figgutter=\dimen116
\htdone=\dimen117
\pageht=\dimen118
\startpageht=\dimen119
\outputpretest=\toks20
)
(c:\texmf\tex\latex\wrapfig\wrapfig.sty
\wrapoverhang=\dimen120
\WF@size=\dimen121
\c@WF@wrappedlines=\count105
\WF@box=\box33
\WF@everypar=\toks21
Package: wrapfig 2003/01/31  v 3.6
) (c:\texmf\tex\latex\ltxmisc\shadow.sty
Package: shadow 2003/02/19 v1.3 shadow boxes (M.O.)
\txtwdth=\dimen122
\sht=\dimen123
\shw=\dimen124
\shbox=\box34
\sboxsep=\dimen125
\sboxrule=\dimen126
\sdim=\dimen127
)
\Ftitle=\box35
\oldsrule=\dimen128
\oldssep=\dimen129
\oldsdim=\dimen130
\oldfrule=\dimen131
\oldfsep=\dimen132
) (talk.aux)
LaTeX Font Info:    Checking defaults for OML/cmm/m/it on input line 12.
LaTeX Font Info:    ... okay on input line 12.
LaTeX Font Info:    Checking defaults for T1/cmr/m/n on input line 12.
LaTeX Font Info:    ... okay on input line 12.
LaTeX Font Info:    Checking defaults for OT1/cmr/m/n on input line 12.
LaTeX Font Info:    ... okay on input line 12.
LaTeX Font Info:    Checking defaults for OMS/cmsy/m/n on input line 12.
LaTeX Font Info:    ... okay on input line 12.
LaTeX Font Info:    Checking defaults for OMX/cmex/m/n on input line 12.
LaTeX Font Info:    ... okay on input line 12.
LaTeX Font Info:    Checking defaults for U/cmr/m/n on input line 12.
LaTeX Font Info:    ... okay on input line 12.
 (c:\texmf\tex\context\base\supp-pdf.tex
[Loading MPS to PDF converter (version 2006.09.02).]
\scratchcounter=\count106
\scratchdimen=\dimen133
\scratchbox=\box36
\nofMPsegments=\count107
\nofMParguments=\count108
\MPscratchCnt=\count109
\MPscratchDim=\dimen134
\MPnumerator=\count110
\everyMPtoPDFconversion=\toks22
) <vublogo-hor.jpg, id=1, 1184.425pt x 424.58624pt>
File: vublogo-hor.jpg Graphic file (type jpg)
 <use vublogo-hor.jpg>
<iihelogo.jpg, id=2, 170.91855pt x 91.7829pt>
File: iihelogo.jpg Graphic file (type jpg)
 <use iihelogo.jpg> (talk.toc)
\tf@toc=\write3

[1

{psfonts.map} <D:/nick/tex-extras/tex/latex/misc/vublogo-hor.jpg> <D:/nick/tex-
extras/tex/latex/misc/iihelogo.jpg>] (intro.tex
Het zichtbare heelal
<optical2.jpg, id=8, 693.59125pt x 553.06625pt>
File: optical2.jpg Graphic file (type jpg)
 <use optical2.jpg>
<radio2.jpg, id=9, 578.16pt x 379.4175pt>
File: radio2.jpg Graphic file (type jpg)
 <use radio2.jpg>
<cgro.jpg, id=10, 306.4248pt x 212.9556pt>
File: cgro.jpg Graphic file (type jpg)
 <use cgro.jpg>
<m31.jpg, id=11, 308.352pt x 247.1634pt>
File: m31.jpg Graphic file (type jpg)
 <use m31.jpg>
<virgo.png, id=12, 123.3408pt x 123.3408pt>
File: virgo.png Graphic file (type png)
 <use virgo.png>
File: vublogo-hor.jpg Graphic file (type jpg)

<use vublogo-hor.jpg> <icecubelogo.jpg, id=13, 13.7313pt x 14.454pt>
File: icecubelogo.jpg Graphic file (type jpg)

<use icecubelogo.jpg>

Package Fancyhdr Warning: \headheight is too small (62.59605pt): 
 Make it at least 69.04146pt.
 We now make it that large for the rest of the document.
 This may cause the page layout to be inconsistent, however.

[1


 <D:/nick/tex-extras/tex/latex/misc/icecubelogo.jpg> <optical2.jpg> <radio2.jpg
> <cgro.jpg> <m31.jpg> <virgo.png (PNG copy)>]
LaTeX Font Info:    Try loading font information for OMS+cmss on input line 20.

LaTeX Font Info:    No file OMScmss.fd. on input line 20.


LaTeX Font Warning: Font shape `OMS/cmss/bx/n' undefined
(Font)              using `OMS/cmsy/m/n' instead
(Font)              for symbol `textbullet' on input line 20.

<bang.jpg, id=17, 156.86699pt x 139.46419pt>
File: bang.jpg Graphic file (type jpg)
 <use bang.jpg>
Overfull \hbox (9.92824pt too wide) in paragraph at lines 38--39
[][][][][][][] 
 []

) (app.tex
File: vublogo-hor.jpg Graphic file (type jpg)
 <use vublogo-hor.jpg>
File: icecubelogo.jpg Graphic file (type jpg)
 <use icecubelogo.jpg> [2 <bang.jpg>]
Het onzichtbare heelal
<frontiers.jpg, id=22, 700.0554pt x 512.1534pt>
File: frontiers.jpg Graphic file (type jpg)
 <use frontiers.jpg>
File: vublogo-hor.jpg Graphic file (type jpg)

<use vublogo-hor.jpg>
File: icecubelogo.jpg Graphic file (type jpg)
 <use icecubelogo.jpg> [3

 <frontiers.jpg>]
<scatter.jpg, id=26, 764.6166pt x 232.7094pt>
File: scatter.jpg Graphic file (type jpg)
 <use scatter.jpg>
File: vublogo-hor.jpg Graphic file (type jpg)

<use vublogo-hor.jpg>
File: icecubelogo.jpg Graphic file (type jpg)
 <use icecubelogo.jpg> [4

 <scatter.jpg>]
<collision.jpg, id=30, 730.22812pt x 511.9125pt>
File: collision.jpg Graphic file (type jpg)
 <use collision.jpg>
File: vublogo-hor.jpg Graphic file (type jpg)

<use vublogo-hor.jpg>
File: icecubelogo.jpg Graphic file (type jpg)
 <use icecubelogo.jpg> [5

 <collision.jpg>]
<matter.jpg, id=37, 715.67375pt x 511.9125pt>
File: matter.jpg Graphic file (type jpg)
 <use matter.jpg>
File: vublogo-hor.jpg Graphic file (type jpg)

<use vublogo-hor.jpg>
File: icecubelogo.jpg Graphic file (type jpg)
 <use icecubelogo.jpg> [6

 <matter.jpg>]
<nuclear-fission.png, id=42, 471.6822pt x 266.9172pt>
File: nuclear-fission.png Graphic file (type png)

<use nuclear-fission.png> <nuclear-fusion.png, id=43, 458.6736pt x 267.8808pt>
File: nuclear-fusion.png Graphic file (type png)

<use nuclear-fusion.png>
File: vublogo-hor.jpg Graphic file (type jpg)
 <use vublogo-hor.jpg>
File: icecubelogo.jpg Graphic file (type jpg)
 <use icecubelogo.jpg> [7

 <nuclear-fission.png (PNG copy)> <nuclear-fusion.png (PNG copy)>]
<crab.jpg, id=47, 217.62816pt x 219.26445pt>
File: crab.jpg Graphic file (type jpg)
 <use crab.jpg>
File: vublogo-hor.jpg Graphic file (type jpg)

<use vublogo-hor.jpg>
File: icecubelogo.jpg Graphic file (type jpg)
 <use icecubelogo.jpg> [8

 <crab.jpg>]
<Cas_A.jpg, id=51, 514.0806pt x 514.0806pt>
File: Cas_A.jpg Graphic file (type jpg)
 <use Cas_A.jpg>
File: vublogo-hor.jpg Graphic file (type jpg)

<use vublogo-hor.jpg>
File: icecubelogo.jpg Graphic file (type jpg)
 <use icecubelogo.jpg> [9 <Cas_A.jpg>]
<cosray.jpg, id=55, 996.72375pt x 1514.65875pt>
File: cosray.jpg Graphic file (type jpg)
 <use cosray.jpg>
File: vublogo-hor.jpg Graphic file (type jpg)

<use vublogo-hor.jpg>
File: icecubelogo.jpg Graphic file (type jpg)
 <use icecubelogo.jpg> [10

 <cosray.jpg>]
<cr-low-e.png, id=59, 292.9344pt x 340.1508pt>
File: cr-low-e.png Graphic file (type png)
 <use cr-low-e.png>
File: vublogo-hor.jpg Graphic file (type jpg)

<use vublogo-hor.jpg>
File: icecubelogo.jpg Graphic file (type jpg)
 <use icecubelogo.jpg> [11 <cr-low-e.png>]
<cr-all-scaled26.png, id=63, 924.45375pt x 689.57625pt>
File: cr-all-scaled26.png Graphic file (type png)

<use cr-all-scaled26.png>
File: vublogo-hor.jpg Graphic file (type jpg)
 <use vublogo-hor.jpg>
File: icecubelogo.jpg Graphic file (type jpg)
 <use icecubelogo.jpg> [12 <cr-all-scaled26.png (PNG copy)>]
File: cr-all-scaled26.png Graphic file (type png)
 <use cr-all-scaled26.png>
File: vublogo-hor.jpg Graphic file (type jpg)
 <use vublogo-hor.jpg>
File: icecubelogo.jpg Graphic file (type jpg)

<use icecubelogo.jpg> [13] <M87jet.jpg, id=72, 402.50375pt x 342.27875pt>
File: M87jet.jpg Graphic file (type jpg)

<use M87jet.jpg> <grb.jpg, id=73, 60.225pt x 58.7796pt>
File: grb.jpg Graphic file (type jpg)
 <use grb.jpg>
<grb2.jpg, id=74, 3513.125pt x 2007.5pt>
File: grb2.jpg Graphic file (type jpg)
 <use grb2.jpg>
File: vublogo-hor.jpg Graphic file (type jpg)
 <use vublogo-hor.jpg>
File: icecubelogo.jpg Graphic file (type jpg)

<use icecubelogo.jpg> [14 <M87jet.jpg> <grb.jpg> <grb2.jpg>]
<agn-1.png, id=78, 195.129pt x 227.28915pt>
File: agn-1.png Graphic file (type png)
 <use agn-1.png>
<jet.png, id=79, 431.6928pt x 648.5028pt>
File: jet.png Graphic file (type png)
 <use jet.png>
Overfull \hbox (10.89366pt too wide) in paragraph at lines 202--203
 [][][][][][][] 
 []

) (nu-hunt.tex
File: vublogo-hor.jpg Graphic file (type jpg)
 <use vublogo-hor.jpg>
File: icecubelogo.jpg Graphic file (type jpg)
 <use icecubelogo.jpg> [15 <agn-1.png (PNG copy)> <jet.png (PNG copy)>]
Jacht op kosmische neutrinos
<app-vertical.jpg, id=83, 91.542pt x 160.1985pt>
File: app-vertical.jpg Graphic file (type jpg)
 <use app-vertical.jpg>
<earth-shield.png, id=84, 294.8616pt x 629.2308pt>
File: earth-shield.png Graphic file (type png)
 <use earth-shield.png>)
(icecube.tex
File: vublogo-hor.jpg Graphic file (type jpg)
 <use vublogo-hor.jpg>
File: icecubelogo.jpg Graphic file (type jpg)
 <use icecubelogo.jpg> [16

 <app-vertical.jpg> <earth-shield.png (PNG copy)>]
De IceCube Neutrino Telescoop
<icecube-collab.jpg, id=88, 513.92pt x 350.5095pt>
File: icecube-collab.jpg Graphic file (type jpg)
 <use icecube-collab.jpg>
File: vublogo-hor.jpg Graphic file (type jpg)

<use vublogo-hor.jpg>
File: icecubelogo.jpg Graphic file (type jpg)
 <use icecubelogo.jpg> [17

 <icecube-collab.jpg>]
<pole-view.jpg, id=92, 5018.75pt x 2922.92pt>
File: pole-view.jpg Graphic file (type jpg)
 <use pole-view.jpg>
File: vublogo-hor.jpg Graphic file (type jpg)

<use vublogo-hor.jpg>
File: icecubelogo.jpg Graphic file (type jpg)
 <use icecubelogo.jpg> [18 <pole-view.jpg>]
<camp-view.png, id=97, 230.17995pt x 101.178pt>
File: camp-view.png Graphic file (type png)
 <use camp-view.png>
File: vublogo-hor.jpg Graphic file (type jpg)

<use vublogo-hor.jpg>
File: icecubelogo.jpg Graphic file (type jpg)
 <use icecubelogo.jpg> [19 <camp-view.png (PNG copy)>]
<counting-house.jpg, id=101, 1606.0pt x 1204.5pt>
File: counting-house.jpg Graphic file (type jpg)
 <use counting-house.jpg>
File: vublogo-hor.jpg Graphic file (type jpg)

<use vublogo-hor.jpg>
File: icecubelogo.jpg Graphic file (type jpg)
 <use icecubelogo.jpg> [20 <counting-house.jpg>]
<tractor.png, id=105, 194.76765pt x 146.7081pt>
File: tractor.png Graphic file (type png)
 <use tractor.png>
File: vublogo-hor.jpg Graphic file (type jpg)

<use vublogo-hor.jpg>
File: icecubelogo.jpg Graphic file (type jpg)
 <use icecubelogo.jpg> [21 <tractor.png (PNG copy)>]
<icl2.jpg, id=109, 501.875pt x 335.2525pt>
File: icl2.jpg Graphic file (type jpg)
 <use icl2.jpg>
File: vublogo-hor.jpg Graphic file (type jpg)

<use vublogo-hor.jpg>
File: icecubelogo.jpg Graphic file (type jpg)
 <use icecubelogo.jpg> [22 <icl2.jpg>]
<ic86-dc.png, id=113, 224.037pt x 194.4063pt>
File: ic86-dc.png Graphic file (type png)
 <use ic86-dc.png>
File: vublogo-hor.jpg Graphic file (type jpg)

<use vublogo-hor.jpg>
File: icecubelogo.jpg Graphic file (type jpg)
 <use icecubelogo.jpg> [23 <ic86-dc.png>]
<icetop-snow.png, id=117, 942.52126pt x 710.655pt>
File: icetop-snow.png Graphic file (type png)
 <use icetop-snow.png>
File: vublogo-hor.jpg Graphic file (type jpg)

<use vublogo-hor.jpg>
File: icecubelogo.jpg Graphic file (type jpg)
 <use icecubelogo.jpg> [24 <icetop-snow.png (PNG copy)>]
<cr-shower.jpg, id=122, 301.125pt x 280.04625pt>
File: cr-shower.jpg Graphic file (type jpg)
 <use cr-shower.jpg>
File: vublogo-hor.jpg Graphic file (type jpg)

<use vublogo-hor.jpg>
File: icecubelogo.jpg Graphic file (type jpg)
 <use icecubelogo.jpg> [25 <cr-shower.jpg>]
<hole2.jpg, id=126, 531.9875pt x 298.11375pt>
File: hole2.jpg Graphic file (type jpg)
 <use hole2.jpg>
File: vublogo-hor.jpg Graphic file (type jpg)

<use vublogo-hor.jpg>
File: icecubelogo.jpg Graphic file (type jpg)
 <use icecubelogo.jpg> [26 <hole2.jpg>]
<dom.jpg, id=130, 165.61874pt x 164.11313pt>
File: dom.jpg Graphic file (type jpg)
 <use dom.jpg>
<event.jpg, id=131, 198.7425pt x 301.125pt>
File: event.jpg Graphic file (type jpg)
 <use event.jpg>
<cone.jpg, id=132, 132.495pt x 131.0496pt>
File: cone.jpg Graphic file (type jpg)
 <use cone.jpg>
Overfull \hbox (8.8437pt too wide) in paragraph at lines 64--65
 [] 
 []

File: vublogo-hor.jpg Graphic file (type jpg)
<use vublogo-hor.jpg>
File: icecubelogo.jpg Graphic file (type jpg)
 <use icecubelogo.jpg> [27

 <dom.jpg> <event.jpg> <cone.jpg>] <moon-shadow1.png, id=136, 1088.065pt x 599.
23875pt>
File: moon-shadow1.png Graphic file (type png)
 <use moon-shadow1.png>
<moon-shadow2.png, id=137, 585.18625pt x 416.55624pt>
File: moon-shadow2.png Graphic file (type png)
 <use moon-shadow2.png>
File: vublogo-hor.jpg Graphic file (type jpg)

<use vublogo-hor.jpg>
File: icecubelogo.jpg Graphic file (type jpg)
 <use icecubelogo.jpg> [28

 <moon-shadow1.png> <moon-shadow2.png>] <icecube-skymap-7years.png, id=141, 112
4.2pt x 761.84625pt>
File: icecube-skymap-7years.png Graphic file (type png)

<use icecube-skymap-7years.png>) (grbs.tex
File: vublogo-hor.jpg Graphic file (type jpg)
 <use vublogo-hor.jpg>
File: icecubelogo.jpg Graphic file (type jpg)

<use icecubelogo.jpg> [29

 <icecube-skymap-7years.png (PNG copy)>]
Neutrinos van kosmische gammaflitsen
<atm-bkg.png, id=145, 415.5525pt x 629.35126pt>
File: atm-bkg.png Graphic file (type png)
 <use atm-bkg.png>
Overfull \vbox (7.11317pt too high) has occurred while \output is active []

File: vublogo-hor.jpg Graphic file (type jpg)

<use vublogo-hor.jpg>
File: icecubelogo.jpg Graphic file (type jpg)
 <use icecubelogo.jpg> [30

 <atm-bkg.png (PNG copy)>])
(muppets.tex
The Muppets on Ice
<bert.png, id=150, 772.8875pt x 705.63625pt>
File: bert.png Graphic file (type png)
 <use bert.png>
<ernie.png, id=151, 773.89125pt x 704.6325pt>
File: ernie.png Graphic file (type png)
 <use ernie.png>
File: vublogo-hor.jpg Graphic file (type jpg)

<use vublogo-hor.jpg>
File: icecubelogo.jpg Graphic file (type jpg)
 <use icecubelogo.jpg> [31

 <bert.png> <ernie.png>]
<kermit.png, id=155, 769.87625pt x 705.63625pt>
File: kermit.png Graphic file (type png)
 <use kermit.png>
<miss-piggy.png, id=156, 771.88374pt x 704.6325pt>
File: miss-piggy.png Graphic file (type png)
 <use miss-piggy.png>
File: vublogo-hor.jpg Graphic file (type jpg)

<use vublogo-hor.jpg>
File: icecubelogo.jpg Graphic file (type jpg)
 <use icecubelogo.jpg> [32

 <kermit.png> <miss-piggy.png>]
<dr-strangepork.png, id=160, 770.88pt x 704.6325pt>
File: dr-strangepork.png Graphic file (type png)
 <use dr-strangepork.png>
<gonzo-the-great.png, id=161, 771.88374pt x 705.63625pt>
File: gonzo-the-great.png Graphic file (type png)

<use gonzo-the-great.png>
File: vublogo-hor.jpg Graphic file (type jpg)
 <use vublogo-hor.jpg>
File: icecubelogo.jpg Graphic file (type jpg)
 <use icecubelogo.jpg> [33

 <dr-strangepork.png> <gonzo-the-great.png>]
<big-bird.png, id=165, 652.4375pt x 598.235pt>
File: big-bird.png Graphic file (type png)
 <use big-bird.png>
<big-bird-photo.jpg, id=166, 1505.625pt x 2035.605pt>
File: big-bird-photo.jpg Graphic file (type jpg)
 <use big-bird-photo.jpg>
File: vublogo-hor.jpg Graphic file (type jpg)

<use vublogo-hor.jpg>
File: icecubelogo.jpg Graphic file (type jpg)
 <use icecubelogo.jpg> [34

 <big-bird.png (PNG copy)> <big-bird-photo.jpg>] <hese-e.png, id=170, 810.02625
pt x 552.0625pt>
File: hese-e.png Graphic file (type png)

<use hese-e.png> <hese-decl-vs-e.png, id=171, 1094.0875pt x 731.73375pt>
File: hese-decl-vs-e.png Graphic file (type png)

<use hese-decl-vs-e.png>
Overfull \hbox (12.75722pt too wide) in paragraph at lines 65--67
[] [] 
 []

File: vublogo-hor.jpg Graphic file (type jpg)
<use vublogo-hor.jpg>
File: icecubelogo.jpg Graphic file (type jpg)
 <use icecubelogo.jpg> [35

 <hese-e.png> <hese-decl-vs-e.png>] <hese-skymap-gal.png, id=175, 1032.85875pt 
x 617.30624pt>
File: hese-skymap-gal.png Graphic file (type png)

<use hese-skymap-gal.png>) (outlook.tex
File: vublogo-hor.jpg Graphic file (type jpg)
 <use vublogo-hor.jpg>
File: icecubelogo.jpg Graphic file (type jpg)

<use icecubelogo.jpg> [36

 <hese-skymap-gal.png>]
Vooruitzichten
)
File: vublogo-hor.jpg Graphic file (type jpg)
 <use vublogo-hor.jpg>
File: icecubelogo.jpg Graphic file (type jpg)
 <use icecubelogo.jpg> [37

] (talk.aux)

LaTeX Font Warning: Some font shapes were not available, defaults substituted.

 ) 
Here is how much of TeX's memory you used:
 3590 strings out of 95282
 37301 string characters out of 1185182
 85414 words of memory out of 1086042
 5908 multiletter control sequences out of 60000
 21701 words of font info for 87 fonts, out of 1000000 for 2000
 14 hyphenation exceptions out of 8191
 43i,16n,45p,218b,390s stack positions out of 5000i,500n,10000p,200000b,32768s
<c:/texmf/fonts/type1/bluesky/cm/cmbsy10.pfb><c:/texmf/fonts/type1/bluesky/cm
/cmbx12.pfb><c:/texmf/fonts/type1/bluesky/cm/cmex10.pfb><c:/texmf/fonts/type1/b
luesky/cm/cmmib10.pfb><c:/texmf/fonts/type1/bluesky/cm/cmssbx10.pfb><c:/texmf/f
onts/type1/bluesky/cm/cmsy10.pfb>
Output written on talk.pdf (38 pages, 11803194 bytes).
PDF statistics:
 205 PDF objects out of 300000 (max. 8388607)
 0 named destinations out of 300000 (max. 131072)
 276 words of extra memory for PDF output out of 65536 (max. 10000000)

